<?xml version="1.0" encoding="UTF-8"?>
<!-- Generated by org.testng.reporters.JUnitXMLReporter -->
<testsuite ignored="0" hostname="ue-Latitude-5420" failures="0" tests="4" name="Default test" time="29.487" errors="0" timestamp="2025-07-30T14:32:56 IST">
  <testcase classname="testcases.ProfileIconTest" name="testProfileDropdownOptions" time="5.491"/>
  <testcase classname="testcases.ProfileIconTest" name="clickProfileOptions" time="3.881"/>
  <testcase classname="testcases.ProfileIconTest" name="testLingoBot" time="13.367"/>
  <testcase classname="testcases.ProfileIconTest" name="testLogout" time="2.794"/>
</testsuite> <!-- Default test -->
