<?xml version="1.0" encoding="UTF-8"?>
<!-- Generated by org.testng.reporters.JUnitXMLReporter -->
<testsuite ignored="0" hostname="ue-Latitude-5420" failures="0" tests="7" name="Test" time="145.327" errors="0" timestamp="2025-07-31T12:33:09 IST">
  <testcase classname="testcases.LingoAILogin" name="testMP3FileUpload" time="18.142"/>
  <testcase classname="testcases.LingoAILogin" name="validateMP3Upload" time="3.311"/>
  <testcase classname="testcases.LingoAILogin" name="playAudioFile" time="7.861"/>
  <testcase classname="testcases.ProfileIcon" name="testProfileDropdownOptions" time="4.936"/>
  <testcase classname="testcases.ProfileIcon" name="clickProfileOptions" time="3.879"/>
  <testcase classname="testcases.ProfileIcon" name="testLingoBot" time="13.338"/>
  <testcase classname="testcases.ProfileIcon" name="testLogout" time="4.295"/>
</testsuite> <!-- Test -->
