<?xml version="1.0" encoding="UTF-8"?>
<!-- Generated by org.testng.reporters.JUnitReportReporter -->
<testsuite hostname="ue-Latitude-5420" failures="0" tests="3" name="testcases.LingoAILoginTest" time="24.958" errors="0" timestamp="2025-07-31T11:24:20 IST" skipped="0">
  <testcase classname="testcases.LingoAILoginTest" name="testMP3FileUpload" time="13.714"/>
  <testcase classname="testcases.LingoAILoginTest" name="validateMP3Upload" time="3.348"/>
  <testcase classname="testcases.LingoAILoginTest" name="playAudioFile" time="7.896"/>
</testsuite> <!-- testcases.LingoAILoginTest -->
