<?xml version="1.0" encoding="UTF-8"?>
<!-- Generated by org.testng.reporters.JUnitReportReporter -->
<testsuite hostname="ue-Latitude-5420" failures="0" tests="4" name="testcases.ProfileIconTest" time="25.954" errors="0" timestamp="2025-07-31T11:24:20 IST" skipped="0">
  <testcase classname="testcases.ProfileIconTest" name="testProfileDropdownOptions" time="4.468"/>
  <testcase classname="testcases.ProfileIconTest" name="clickProfileOptions" time="3.911"/>
  <testcase classname="testcases.ProfileIconTest" name="testLingoBot" time="13.908"/>
  <testcase classname="testcases.ProfileIconTest" name="testLogout" time="3.667"/>
</testsuite> <!-- testcases.ProfileIconTest -->
