<?xml version="1.0" encoding="UTF-8"?>
<!-- Generated by org.testng.reporters.JUnitReportReporter -->
<testsuite hostname="ue-Latitude-5420" failures="0" tests="4" name="testcases.ProfileIcon" time="26.448" errors="0" timestamp="2025-07-31T12:33:09 IST" skipped="0">
  <testcase classname="testcases.ProfileIcon" name="testProfileDropdownOptions" time="4.936"/>
  <testcase classname="testcases.ProfileIcon" name="clickProfileOptions" time="3.879"/>
  <testcase classname="testcases.ProfileIcon" name="testLingoBot" time="13.338"/>
  <testcase classname="testcases.ProfileIcon" name="testLogout" time="4.295"/>
</testsuite> <!-- testcases.ProfileIcon -->
