<?xml version="1.0" encoding="UTF-8"?>
<!-- Generated by org.testng.reporters.JUnitReportReporter -->
<testsuite hostname="ue-Latitude-5420" failures="0" tests="3" name="testcases.LingoAILogin" time="29.314" errors="0" timestamp="2025-07-31T12:33:09 IST" skipped="0">
  <testcase classname="testcases.LingoAILogin" name="testMP3FileUpload" time="18.142"/>
  <testcase classname="testcases.LingoAILogin" name="validateMP3Upload" time="3.311"/>
  <testcase classname="testcases.LingoAILogin" name="playAudioFile" time="7.861"/>
</testsuite> <!-- testcases.LingoAILogin -->
