<?xml version="1.0" encoding="UTF-8"?>
<!-- Generated by org.testng.reporters.JUnitReportReporter -->
<testsuite hostname="ue-Latitude-5420" failures="0" tests="9" name="programs.ReverseDemo" time="0.008" errors="0" timestamp="2025-07-28T16:33:54 IST" skipped="8">
  <testcase classname="programs.ReverseDemo" name="setDemo" time="0.008"/>
  <testcase classname="programs.ReverseDemo" name="prime">
    <skipped/>
  </testcase> <!-- prime -->
  <testcase classname="programs.ReverseDemo" name="employeeListDemo02">
    <skipped/>
  </testcase> <!-- employeeListDemo02 -->
  <testcase classname="programs.ReverseDemo" name="reverseDemo">
    <skipped/>
  </testcase> <!-- reverseDemo -->
  <testcase classname="programs.ReverseDemo" name="duplicateCharacters">
    <skipped/>
  </testcase> <!-- duplicateCharacters -->
  <testcase classname="programs.ReverseDemo" name="palindrome">
    <skipped/>
  </testcase> <!-- palindrome -->
  <testcase classname="programs.ReverseDemo" name="ListRevesion">
    <skipped/>
  </testcase> <!-- ListRevesion -->
  <testcase classname="programs.ReverseDemo" name="employeeListDemo">
    <skipped/>
  </testcase> <!-- employeeListDemo -->
  <testcase classname="programs.ReverseDemo" name="odd_even">
    <skipped/>
  </testcase> <!-- odd_even -->
</testsuite> <!-- programs.ReverseDemo -->
